Started GET "/" for 127.0.0.1 at 2018-03-12 09:02:17 +0200
  
Mysql2::Error (Can't connect to local MySQL server through socket '/var/lib/mysql/mysql.sock' (13)):
  
mysql2 (0.4.10) lib/mysql2/client.rb:89:in `connect'
mysql2 (0.4.10) lib/mysql2/client.rb:89:in `initialize'
activerecord (5.1.5) lib/active_record/connection_adapters/mysql2_adapter.rb:21:in `new'
activerecord (5.1.5) lib/active_record/connection_adapters/mysql2_adapter.rb:21:in `mysql2_connection'
activerecord (5.1.5) lib/active_record/connection_adapters/abstract/connection_pool.rb:759:in `new_connection'
activerecord (5.1.5) lib/active_record/connection_adapters/abstract/connection_pool.rb:803:in `checkout_new_connection'
activerecord (5.1.5) lib/active_record/connection_adapters/abstract/connection_pool.rb:782:in `try_to_checkout_new_connection'
activerecord (5.1.5) lib/active_record/connection_adapters/abstract/connection_pool.rb:743:in `acquire_connection'
activerecord (5.1.5) lib/active_record/connection_adapters/abstract/connection_pool.rb:500:in `checkout'
activerecord (5.1.5) lib/active_record/connection_adapters/abstract/connection_pool.rb:374:in `connection'
activerecord (5.1.5) lib/active_record/connection_adapters/abstract/connection_pool.rb:931:in `retrieve_connection'
activerecord (5.1.5) lib/active_record/connection_handling.rb:116:in `retrieve_connection'
activerecord (5.1.5) lib/active_record/connection_handling.rb:88:in `connection'
activerecord (5.1.5) lib/active_record/migration.rb:562:in `connection'
activerecord (5.1.5) lib/active_record/migration.rb:553:in `call'
actionpack (5.1.5) lib/action_dispatch/middleware/callbacks.rb:26:in `block in call'
activesupport (5.1.5) lib/active_support/callbacks.rb:97:in `run_callbacks'
actionpack (5.1.5) lib/action_dispatch/middleware/callbacks.rb:24:in `call'
actionpack (5.1.5) lib/action_dispatch/middleware/executor.rb:12:in `call'
actionpack (5.1.5) lib/action_dispatch/middleware/debug_exceptions.rb:59:in `call'
web-console (3.5.1) lib/web_console/middleware.rb:135:in `call_app'
web-console (3.5.1) lib/web_console/middleware.rb:28:in `block in call'
web-console (3.5.1) lib/web_console/middleware.rb:18:in `catch'
web-console (3.5.1) lib/web_console/middleware.rb:18:in `call'
actionpack (5.1.5) lib/action_dispatch/middleware/show_exceptions.rb:31:in `call'
railties (5.1.5) lib/rails/rack/logger.rb:36:in `call_app'
railties (5.1.5) lib/rails/rack/logger.rb:24:in `block in call'
activesupport (5.1.5) lib/active_support/tagged_logging.rb:69:in `block in tagged'
activesupport (5.1.5) lib/active_support/tagged_logging.rb:26:in `tagged'
activesupport (5.1.5) lib/active_support/tagged_logging.rb:69:in `tagged'
railties (5.1.5) lib/rails/rack/logger.rb:24:in `call'
sprockets-rails (3.2.1) lib/sprockets/rails/quiet_assets.rb:13:in `call'
actionpack (5.1.5) lib/action_dispatch/middleware/remote_ip.rb:79:in `call'
actionpack (5.1.5) lib/action_dispatch/middleware/request_id.rb:25:in `call'
rack (2.0.4) lib/rack/method_override.rb:22:in `call'
rack (2.0.4) lib/rack/runtime.rb:22:in `call'
activesupport (5.1.5) lib/active_support/cache/strategy/local_cache_middleware.rb:27:in `call'
actionpack (5.1.5) lib/action_dispatch/middleware/executor.rb:12:in `call'
actionpack (5.1.5) lib/action_dispatch/middleware/static.rb:125:in `call'
rack (2.0.4) lib/rack/sendfile.rb:111:in `call'
railties (5.1.5) lib/rails/engine.rb:522:in `call'
puma (3.11.3) lib/puma/configuration.rb:225:in `call'
puma (3.11.3) lib/puma/server.rb:624:in `handle_request'
puma (3.11.3) lib/puma/server.rb:438:in `process_client'
puma (3.11.3) lib/puma/server.rb:302:in `block in run'
puma (3.11.3) lib/puma/thread_pool.rb:120:in `block in spawn_thread'
Started GET "/" for 127.0.0.1 at 2018-03-12 09:02:50 +0200
  
Mysql2::Error (Can't connect to local MySQL server through socket '/var/lib/mysql/mysql.sock' (13)):
  
mysql2 (0.4.10) lib/mysql2/client.rb:89:in `connect'
mysql2 (0.4.10) lib/mysql2/client.rb:89:in `initialize'
activerecord (5.1.5) lib/active_record/connection_adapters/mysql2_adapter.rb:21:in `new'
activerecord (5.1.5) lib/active_record/connection_adapters/mysql2_adapter.rb:21:in `mysql2_connection'
activerecord (5.1.5) lib/active_record/connection_adapters/abstract/connection_pool.rb:759:in `new_connection'
activerecord (5.1.5) lib/active_record/connection_adapters/abstract/connection_pool.rb:803:in `checkout_new_connection'
activerecord (5.1.5) lib/active_record/connection_adapters/abstract/connection_pool.rb:782:in `try_to_checkout_new_connection'
activerecord (5.1.5) lib/active_record/connection_adapters/abstract/connection_pool.rb:743:in `acquire_connection'
activerecord (5.1.5) lib/active_record/connection_adapters/abstract/connection_pool.rb:500:in `checkout'
activerecord (5.1.5) lib/active_record/connection_adapters/abstract/connection_pool.rb:374:in `connection'
activerecord (5.1.5) lib/active_record/connection_adapters/abstract/connection_pool.rb:931:in `retrieve_connection'
activerecord (5.1.5) lib/active_record/connection_handling.rb:116:in `retrieve_connection'
activerecord (5.1.5) lib/active_record/connection_handling.rb:88:in `connection'
activerecord (5.1.5) lib/active_record/migration.rb:562:in `connection'
activerecord (5.1.5) lib/active_record/migration.rb:553:in `call'
actionpack (5.1.5) lib/action_dispatch/middleware/callbacks.rb:26:in `block in call'
activesupport (5.1.5) lib/active_support/callbacks.rb:97:in `run_callbacks'
actionpack (5.1.5) lib/action_dispatch/middleware/callbacks.rb:24:in `call'
actionpack (5.1.5) lib/action_dispatch/middleware/executor.rb:12:in `call'
actionpack (5.1.5) lib/action_dispatch/middleware/debug_exceptions.rb:59:in `call'
web-console (3.5.1) lib/web_console/middleware.rb:135:in `call_app'
web-console (3.5.1) lib/web_console/middleware.rb:28:in `block in call'
web-console (3.5.1) lib/web_console/middleware.rb:18:in `catch'
web-console (3.5.1) lib/web_console/middleware.rb:18:in `call'
actionpack (5.1.5) lib/action_dispatch/middleware/show_exceptions.rb:31:in `call'
railties (5.1.5) lib/rails/rack/logger.rb:36:in `call_app'
railties (5.1.5) lib/rails/rack/logger.rb:24:in `block in call'
activesupport (5.1.5) lib/active_support/tagged_logging.rb:69:in `block in tagged'
activesupport (5.1.5) lib/active_support/tagged_logging.rb:26:in `tagged'
activesupport (5.1.5) lib/active_support/tagged_logging.rb:69:in `tagged'
railties (5.1.5) lib/rails/rack/logger.rb:24:in `call'
sprockets-rails (3.2.1) lib/sprockets/rails/quiet_assets.rb:13:in `call'
actionpack (5.1.5) lib/action_dispatch/middleware/remote_ip.rb:79:in `call'
actionpack (5.1.5) lib/action_dispatch/middleware/request_id.rb:25:in `call'
rack (2.0.4) lib/rack/method_override.rb:22:in `call'
rack (2.0.4) lib/rack/runtime.rb:22:in `call'
activesupport (5.1.5) lib/active_support/cache/strategy/local_cache_middleware.rb:27:in `call'
actionpack (5.1.5) lib/action_dispatch/middleware/executor.rb:12:in `call'
actionpack (5.1.5) lib/action_dispatch/middleware/static.rb:125:in `call'
rack (2.0.4) lib/rack/sendfile.rb:111:in `call'
railties (5.1.5) lib/rails/engine.rb:522:in `call'
puma (3.11.3) lib/puma/configuration.rb:225:in `call'
puma (3.11.3) lib/puma/server.rb:624:in `handle_request'
puma (3.11.3) lib/puma/server.rb:438:in `process_client'
puma (3.11.3) lib/puma/server.rb:302:in `block in run'
puma (3.11.3) lib/puma/thread_pool.rb:120:in `block in spawn_thread'
Started GET "/" for 127.0.0.1 at 2018-03-12 09:02:54 +0200
  
Mysql2::Error (Can't connect to local MySQL server through socket '/var/lib/mysql/mysql.sock' (13)):
  
mysql2 (0.4.10) lib/mysql2/client.rb:89:in `connect'
mysql2 (0.4.10) lib/mysql2/client.rb:89:in `initialize'
activerecord (5.1.5) lib/active_record/connection_adapters/mysql2_adapter.rb:21:in `new'
activerecord (5.1.5) lib/active_record/connection_adapters/mysql2_adapter.rb:21:in `mysql2_connection'
activerecord (5.1.5) lib/active_record/connection_adapters/abstract/connection_pool.rb:759:in `new_connection'
activerecord (5.1.5) lib/active_record/connection_adapters/abstract/connection_pool.rb:803:in `checkout_new_connection'
activerecord (5.1.5) lib/active_record/connection_adapters/abstract/connection_pool.rb:782:in `try_to_checkout_new_connection'
activerecord (5.1.5) lib/active_record/connection_adapters/abstract/connection_pool.rb:743:in `acquire_connection'
activerecord (5.1.5) lib/active_record/connection_adapters/abstract/connection_pool.rb:500:in `checkout'
activerecord (5.1.5) lib/active_record/connection_adapters/abstract/connection_pool.rb:374:in `connection'
activerecord (5.1.5) lib/active_record/connection_adapters/abstract/connection_pool.rb:931:in `retrieve_connection'
activerecord (5.1.5) lib/active_record/connection_handling.rb:116:in `retrieve_connection'
activerecord (5.1.5) lib/active_record/connection_handling.rb:88:in `connection'
activerecord (5.1.5) lib/active_record/migration.rb:562:in `connection'
activerecord (5.1.5) lib/active_record/migration.rb:553:in `call'
actionpack (5.1.5) lib/action_dispatch/middleware/callbacks.rb:26:in `block in call'
activesupport (5.1.5) lib/active_support/callbacks.rb:97:in `run_callbacks'
actionpack (5.1.5) lib/action_dispatch/middleware/callbacks.rb:24:in `call'
actionpack (5.1.5) lib/action_dispatch/middleware/executor.rb:12:in `call'
actionpack (5.1.5) lib/action_dispatch/middleware/debug_exceptions.rb:59:in `call'
web-console (3.5.1) lib/web_console/middleware.rb:135:in `call_app'
web-console (3.5.1) lib/web_console/middleware.rb:28:in `block in call'
web-console (3.5.1) lib/web_console/middleware.rb:18:in `catch'
web-console (3.5.1) lib/web_console/middleware.rb:18:in `call'
actionpack (5.1.5) lib/action_dispatch/middleware/show_exceptions.rb:31:in `call'
railties (5.1.5) lib/rails/rack/logger.rb:36:in `call_app'
railties (5.1.5) lib/rails/rack/logger.rb:24:in `block in call'
activesupport (5.1.5) lib/active_support/tagged_logging.rb:69:in `block in tagged'
activesupport (5.1.5) lib/active_support/tagged_logging.rb:26:in `tagged'
activesupport (5.1.5) lib/active_support/tagged_logging.rb:69:in `tagged'
railties (5.1.5) lib/rails/rack/logger.rb:24:in `call'
sprockets-rails (3.2.1) lib/sprockets/rails/quiet_assets.rb:13:in `call'
actionpack (5.1.5) lib/action_dispatch/middleware/remote_ip.rb:79:in `call'
actionpack (5.1.5) lib/action_dispatch/middleware/request_id.rb:25:in `call'
rack (2.0.4) lib/rack/method_override.rb:22:in `call'
rack (2.0.4) lib/rack/runtime.rb:22:in `call'
activesupport (5.1.5) lib/active_support/cache/strategy/local_cache_middleware.rb:27:in `call'
actionpack (5.1.5) lib/action_dispatch/middleware/executor.rb:12:in `call'
actionpack (5.1.5) lib/action_dispatch/middleware/static.rb:125:in `call'
rack (2.0.4) lib/rack/sendfile.rb:111:in `call'
railties (5.1.5) lib/rails/engine.rb:522:in `call'
puma (3.11.3) lib/puma/configuration.rb:225:in `call'
puma (3.11.3) lib/puma/server.rb:624:in `handle_request'
puma (3.11.3) lib/puma/server.rb:438:in `process_client'
puma (3.11.3) lib/puma/server.rb:302:in `block in run'
puma (3.11.3) lib/puma/thread_pool.rb:120:in `block in spawn_thread'
Started GET "/users" for 127.0.0.1 at 2018-03-12 09:03:13 +0200
  
Mysql2::Error (Can't connect to local MySQL server through socket '/var/lib/mysql/mysql.sock' (13)):
  
mysql2 (0.4.10) lib/mysql2/client.rb:89:in `connect'
mysql2 (0.4.10) lib/mysql2/client.rb:89:in `initialize'
activerecord (5.1.5) lib/active_record/connection_adapters/mysql2_adapter.rb:21:in `new'
activerecord (5.1.5) lib/active_record/connection_adapters/mysql2_adapter.rb:21:in `mysql2_connection'
activerecord (5.1.5) lib/active_record/connection_adapters/abstract/connection_pool.rb:759:in `new_connection'
activerecord (5.1.5) lib/active_record/connection_adapters/abstract/connection_pool.rb:803:in `checkout_new_connection'
activerecord (5.1.5) lib/active_record/connection_adapters/abstract/connection_pool.rb:782:in `try_to_checkout_new_connection'
activerecord (5.1.5) lib/active_record/connection_adapters/abstract/connection_pool.rb:743:in `acquire_connection'
activerecord (5.1.5) lib/active_record/connection_adapters/abstract/connection_pool.rb:500:in `checkout'
activerecord (5.1.5) lib/active_record/connection_adapters/abstract/connection_pool.rb:374:in `connection'
activerecord (5.1.5) lib/active_record/connection_adapters/abstract/connection_pool.rb:931:in `retrieve_connection'
activerecord (5.1.5) lib/active_record/connection_handling.rb:116:in `retrieve_connection'
activerecord (5.1.5) lib/active_record/connection_handling.rb:88:in `connection'
activerecord (5.1.5) lib/active_record/migration.rb:562:in `connection'
activerecord (5.1.5) lib/active_record/migration.rb:553:in `call'
actionpack (5.1.5) lib/action_dispatch/middleware/callbacks.rb:26:in `block in call'
activesupport (5.1.5) lib/active_support/callbacks.rb:97:in `run_callbacks'
actionpack (5.1.5) lib/action_dispatch/middleware/callbacks.rb:24:in `call'
actionpack (5.1.5) lib/action_dispatch/middleware/executor.rb:12:in `call'
actionpack (5.1.5) lib/action_dispatch/middleware/debug_exceptions.rb:59:in `call'
web-console (3.5.1) lib/web_console/middleware.rb:135:in `call_app'
web-console (3.5.1) lib/web_console/middleware.rb:28:in `block in call'
web-console (3.5.1) lib/web_console/middleware.rb:18:in `catch'
web-console (3.5.1) lib/web_console/middleware.rb:18:in `call'
actionpack (5.1.5) lib/action_dispatch/middleware/show_exceptions.rb:31:in `call'
railties (5.1.5) lib/rails/rack/logger.rb:36:in `call_app'
railties (5.1.5) lib/rails/rack/logger.rb:24:in `block in call'
activesupport (5.1.5) lib/active_support/tagged_logging.rb:69:in `block in tagged'
activesupport (5.1.5) lib/active_support/tagged_logging.rb:26:in `tagged'
activesupport (5.1.5) lib/active_support/tagged_logging.rb:69:in `tagged'
railties (5.1.5) lib/rails/rack/logger.rb:24:in `call'
sprockets-rails (3.2.1) lib/sprockets/rails/quiet_assets.rb:13:in `call'
actionpack (5.1.5) lib/action_dispatch/middleware/remote_ip.rb:79:in `call'
actionpack (5.1.5) lib/action_dispatch/middleware/request_id.rb:25:in `call'
rack (2.0.4) lib/rack/method_override.rb:22:in `call'
rack (2.0.4) lib/rack/runtime.rb:22:in `call'
activesupport (5.1.5) lib/active_support/cache/strategy/local_cache_middleware.rb:27:in `call'
actionpack (5.1.5) lib/action_dispatch/middleware/executor.rb:12:in `call'
actionpack (5.1.5) lib/action_dispatch/middleware/static.rb:125:in `call'
rack (2.0.4) lib/rack/sendfile.rb:111:in `call'
railties (5.1.5) lib/rails/engine.rb:522:in `call'
puma (3.11.3) lib/puma/configuration.rb:225:in `call'
puma (3.11.3) lib/puma/server.rb:624:in `handle_request'
puma (3.11.3) lib/puma/server.rb:438:in `process_client'
puma (3.11.3) lib/puma/server.rb:302:in `block in run'
puma (3.11.3) lib/puma/thread_pool.rb:120:in `block in spawn_thread'
Started GET "/" for 127.0.0.1 at 2018-03-12 12:04:20 +0200
  
Mysql2::Error (Can't connect to local MySQL server through socket '/var/lib/mysql/mysql.sock' (13)):
  
mysql2 (0.4.10) lib/mysql2/client.rb:89:in `connect'
mysql2 (0.4.10) lib/mysql2/client.rb:89:in `initialize'
activerecord (5.1.5) lib/active_record/connection_adapters/mysql2_adapter.rb:21:in `new'
activerecord (5.1.5) lib/active_record/connection_adapters/mysql2_adapter.rb:21:in `mysql2_connection'
activerecord (5.1.5) lib/active_record/connection_adapters/abstract/connection_pool.rb:759:in `new_connection'
activerecord (5.1.5) lib/active_record/connection_adapters/abstract/connection_pool.rb:803:in `checkout_new_connection'
activerecord (5.1.5) lib/active_record/connection_adapters/abstract/connection_pool.rb:782:in `try_to_checkout_new_connection'
activerecord (5.1.5) lib/active_record/connection_adapters/abstract/connection_pool.rb:743:in `acquire_connection'
activerecord (5.1.5) lib/active_record/connection_adapters/abstract/connection_pool.rb:500:in `checkout'
activerecord (5.1.5) lib/active_record/connection_adapters/abstract/connection_pool.rb:374:in `connection'
activerecord (5.1.5) lib/active_record/connection_adapters/abstract/connection_pool.rb:931:in `retrieve_connection'
activerecord (5.1.5) lib/active_record/connection_handling.rb:116:in `retrieve_connection'
activerecord (5.1.5) lib/active_record/connection_handling.rb:88:in `connection'
activerecord (5.1.5) lib/active_record/migration.rb:562:in `connection'
activerecord (5.1.5) lib/active_record/migration.rb:553:in `call'
actionpack (5.1.5) lib/action_dispatch/middleware/callbacks.rb:26:in `block in call'
activesupport (5.1.5) lib/active_support/callbacks.rb:97:in `run_callbacks'
actionpack (5.1.5) lib/action_dispatch/middleware/callbacks.rb:24:in `call'
actionpack (5.1.5) lib/action_dispatch/middleware/executor.rb:12:in `call'
actionpack (5.1.5) lib/action_dispatch/middleware/debug_exceptions.rb:59:in `call'
web-console (3.5.1) lib/web_console/middleware.rb:135:in `call_app'
web-console (3.5.1) lib/web_console/middleware.rb:28:in `block in call'
web-console (3.5.1) lib/web_console/middleware.rb:18:in `catch'
web-console (3.5.1) lib/web_console/middleware.rb:18:in `call'
actionpack (5.1.5) lib/action_dispatch/middleware/show_exceptions.rb:31:in `call'
railties (5.1.5) lib/rails/rack/logger.rb:36:in `call_app'
railties (5.1.5) lib/rails/rack/logger.rb:24:in `block in call'
activesupport (5.1.5) lib/active_support/tagged_logging.rb:69:in `block in tagged'
activesupport (5.1.5) lib/active_support/tagged_logging.rb:26:in `tagged'
activesupport (5.1.5) lib/active_support/tagged_logging.rb:69:in `tagged'
railties (5.1.5) lib/rails/rack/logger.rb:24:in `call'
sprockets-rails (3.2.1) lib/sprockets/rails/quiet_assets.rb:13:in `call'
actionpack (5.1.5) lib/action_dispatch/middleware/remote_ip.rb:79:in `call'
actionpack (5.1.5) lib/action_dispatch/middleware/request_id.rb:25:in `call'
rack (2.0.4) lib/rack/method_override.rb:22:in `call'
rack (2.0.4) lib/rack/runtime.rb:22:in `call'
activesupport (5.1.5) lib/active_support/cache/strategy/local_cache_middleware.rb:27:in `call'
actionpack (5.1.5) lib/action_dispatch/middleware/executor.rb:12:in `call'
actionpack (5.1.5) lib/action_dispatch/middleware/static.rb:125:in `call'
rack (2.0.4) lib/rack/sendfile.rb:111:in `call'
railties (5.1.5) lib/rails/engine.rb:522:in `call'
puma (3.11.3) lib/puma/configuration.rb:225:in `call'
puma (3.11.3) lib/puma/server.rb:624:in `handle_request'
puma (3.11.3) lib/puma/server.rb:438:in `process_client'
puma (3.11.3) lib/puma/server.rb:302:in `block in run'
puma (3.11.3) lib/puma/thread_pool.rb:120:in `block in spawn_thread'
Started GET "/" for 127.0.0.1 at 2018-03-12 14:03:29 +0200
  
Mysql2::Error (Can't connect to local MySQL server through socket '/var/lib/mysql/mysql.sock' (13)):
  
mysql2 (0.4.10) lib/mysql2/client.rb:89:in `connect'
mysql2 (0.4.10) lib/mysql2/client.rb:89:in `initialize'
activerecord (5.1.5) lib/active_record/connection_adapters/mysql2_adapter.rb:21:in `new'
activerecord (5.1.5) lib/active_record/connection_adapters/mysql2_adapter.rb:21:in `mysql2_connection'
activerecord (5.1.5) lib/active_record/connection_adapters/abstract/connection_pool.rb:759:in `new_connection'
activerecord (5.1.5) lib/active_record/connection_adapters/abstract/connection_pool.rb:803:in `checkout_new_connection'
activerecord (5.1.5) lib/active_record/connection_adapters/abstract/connection_pool.rb:782:in `try_to_checkout_new_connection'
activerecord (5.1.5) lib/active_record/connection_adapters/abstract/connection_pool.rb:743:in `acquire_connection'
activerecord (5.1.5) lib/active_record/connection_adapters/abstract/connection_pool.rb:500:in `checkout'
activerecord (5.1.5) lib/active_record/connection_adapters/abstract/connection_pool.rb:374:in `connection'
activerecord (5.1.5) lib/active_record/connection_adapters/abstract/connection_pool.rb:931:in `retrieve_connection'
activerecord (5.1.5) lib/active_record/connection_handling.rb:116:in `retrieve_connection'
activerecord (5.1.5) lib/active_record/connection_handling.rb:88:in `connection'
activerecord (5.1.5) lib/active_record/migration.rb:562:in `connection'
activerecord (5.1.5) lib/active_record/migration.rb:553:in `call'
actionpack (5.1.5) lib/action_dispatch/middleware/callbacks.rb:26:in `block in call'
activesupport (5.1.5) lib/active_support/callbacks.rb:97:in `run_callbacks'
actionpack (5.1.5) lib/action_dispatch/middleware/callbacks.rb:24:in `call'
actionpack (5.1.5) lib/action_dispatch/middleware/executor.rb:12:in `call'
actionpack (5.1.5) lib/action_dispatch/middleware/debug_exceptions.rb:59:in `call'
web-console (3.5.1) lib/web_console/middleware.rb:135:in `call_app'
web-console (3.5.1) lib/web_console/middleware.rb:28:in `block in call'
web-console (3.5.1) lib/web_console/middleware.rb:18:in `catch'
web-console (3.5.1) lib/web_console/middleware.rb:18:in `call'
actionpack (5.1.5) lib/action_dispatch/middleware/show_exceptions.rb:31:in `call'
railties (5.1.5) lib/rails/rack/logger.rb:36:in `call_app'
railties (5.1.5) lib/rails/rack/logger.rb:24:in `block in call'
activesupport (5.1.5) lib/active_support/tagged_logging.rb:69:in `block in tagged'
activesupport (5.1.5) lib/active_support/tagged_logging.rb:26:in `tagged'
activesupport (5.1.5) lib/active_support/tagged_logging.rb:69:in `tagged'
railties (5.1.5) lib/rails/rack/logger.rb:24:in `call'
sprockets-rails (3.2.1) lib/sprockets/rails/quiet_assets.rb:13:in `call'
actionpack (5.1.5) lib/action_dispatch/middleware/remote_ip.rb:79:in `call'
actionpack (5.1.5) lib/action_dispatch/middleware/request_id.rb:25:in `call'
rack (2.0.4) lib/rack/method_override.rb:22:in `call'
rack (2.0.4) lib/rack/runtime.rb:22:in `call'
activesupport (5.1.5) lib/active_support/cache/strategy/local_cache_middleware.rb:27:in `call'
actionpack (5.1.5) lib/action_dispatch/middleware/executor.rb:12:in `call'
actionpack (5.1.5) lib/action_dispatch/middleware/static.rb:125:in `call'
rack (2.0.4) lib/rack/sendfile.rb:111:in `call'
railties (5.1.5) lib/rails/engine.rb:522:in `call'
puma (3.11.3) lib/puma/configuration.rb:225:in `call'
puma (3.11.3) lib/puma/server.rb:624:in `handle_request'
puma (3.11.3) lib/puma/server.rb:438:in `process_client'
puma (3.11.3) lib/puma/server.rb:302:in `block in run'
puma (3.11.3) lib/puma/thread_pool.rb:120:in `block in spawn_thread'
Started GET "/posts" for 127.0.0.1 at 2018-03-12 18:30:26 +0200
  
Mysql2::Error (Can't connect to local MySQL server through socket '/var/lib/mysql/mysql.sock' (13)):
  
mysql2 (0.4.10) lib/mysql2/client.rb:89:in `connect'
mysql2 (0.4.10) lib/mysql2/client.rb:89:in `initialize'
activerecord (5.1.5) lib/active_record/connection_adapters/mysql2_adapter.rb:21:in `new'
activerecord (5.1.5) lib/active_record/connection_adapters/mysql2_adapter.rb:21:in `mysql2_connection'
activerecord (5.1.5) lib/active_record/connection_adapters/abstract/connection_pool.rb:759:in `new_connection'
activerecord (5.1.5) lib/active_record/connection_adapters/abstract/connection_pool.rb:803:in `checkout_new_connection'
activerecord (5.1.5) lib/active_record/connection_adapters/abstract/connection_pool.rb:782:in `try_to_checkout_new_connection'
activerecord (5.1.5) lib/active_record/connection_adapters/abstract/connection_pool.rb:743:in `acquire_connection'
activerecord (5.1.5) lib/active_record/connection_adapters/abstract/connection_pool.rb:500:in `checkout'
activerecord (5.1.5) lib/active_record/connection_adapters/abstract/connection_pool.rb:374:in `connection'
activerecord (5.1.5) lib/active_record/connection_adapters/abstract/connection_pool.rb:931:in `retrieve_connection'
activerecord (5.1.5) lib/active_record/connection_handling.rb:116:in `retrieve_connection'
activerecord (5.1.5) lib/active_record/connection_handling.rb:88:in `connection'
activerecord (5.1.5) lib/active_record/migration.rb:562:in `connection'
activerecord (5.1.5) lib/active_record/migration.rb:553:in `call'
actionpack (5.1.5) lib/action_dispatch/middleware/callbacks.rb:26:in `block in call'
activesupport (5.1.5) lib/active_support/callbacks.rb:97:in `run_callbacks'
actionpack (5.1.5) lib/action_dispatch/middleware/callbacks.rb:24:in `call'
actionpack (5.1.5) lib/action_dispatch/middleware/executor.rb:12:in `call'
actionpack (5.1.5) lib/action_dispatch/middleware/debug_exceptions.rb:59:in `call'
web-console (3.5.1) lib/web_console/middleware.rb:135:in `call_app'
web-console (3.5.1) lib/web_console/middleware.rb:28:in `block in call'
web-console (3.5.1) lib/web_console/middleware.rb:18:in `catch'
web-console (3.5.1) lib/web_console/middleware.rb:18:in `call'
actionpack (5.1.5) lib/action_dispatch/middleware/show_exceptions.rb:31:in `call'
railties (5.1.5) lib/rails/rack/logger.rb:36:in `call_app'
railties (5.1.5) lib/rails/rack/logger.rb:24:in `block in call'
activesupport (5.1.5) lib/active_support/tagged_logging.rb:69:in `block in tagged'
activesupport (5.1.5) lib/active_support/tagged_logging.rb:26:in `tagged'
activesupport (5.1.5) lib/active_support/tagged_logging.rb:69:in `tagged'
railties (5.1.5) lib/rails/rack/logger.rb:24:in `call'
sprockets-rails (3.2.1) lib/sprockets/rails/quiet_assets.rb:13:in `call'
actionpack (5.1.5) lib/action_dispatch/middleware/remote_ip.rb:79:in `call'
actionpack (5.1.5) lib/action_dispatch/middleware/request_id.rb:25:in `call'
rack (2.0.4) lib/rack/method_override.rb:22:in `call'
rack (2.0.4) lib/rack/runtime.rb:22:in `call'
activesupport (5.1.5) lib/active_support/cache/strategy/local_cache_middleware.rb:27:in `call'
actionpack (5.1.5) lib/action_dispatch/middleware/executor.rb:12:in `call'
actionpack (5.1.5) lib/action_dispatch/middleware/static.rb:125:in `call'
rack (2.0.4) lib/rack/sendfile.rb:111:in `call'
railties (5.1.5) lib/rails/engine.rb:522:in `call'
puma (3.11.3) lib/puma/configuration.rb:225:in `call'
puma (3.11.3) lib/puma/server.rb:624:in `handle_request'
puma (3.11.3) lib/puma/server.rb:438:in `process_client'
puma (3.11.3) lib/puma/server.rb:302:in `block in run'
puma (3.11.3) lib/puma/thread_pool.rb:120:in `block in spawn_thread'
Started GET "/" for 127.0.0.1 at 2018-03-12 18:37:10 +0200
  
ActiveRecord::NoDatabaseError (Unknown database 'blog_development'):
  
activerecord (5.1.5) lib/active_record/connection_adapters/mysql2_adapter.rb:25:in `rescue in mysql2_connection'
activerecord (5.1.5) lib/active_record/connection_adapters/mysql2_adapter.rb:12:in `mysql2_connection'
activerecord (5.1.5) lib/active_record/connection_adapters/abstract/connection_pool.rb:759:in `new_connection'
activerecord (5.1.5) lib/active_record/connection_adapters/abstract/connection_pool.rb:803:in `checkout_new_connection'
activerecord (5.1.5) lib/active_record/connection_adapters/abstract/connection_pool.rb:782:in `try_to_checkout_new_connection'
activerecord (5.1.5) lib/active_record/connection_adapters/abstract/connection_pool.rb:743:in `acquire_connection'
activerecord (5.1.5) lib/active_record/connection_adapters/abstract/connection_pool.rb:500:in `checkout'
activerecord (5.1.5) lib/active_record/connection_adapters/abstract/connection_pool.rb:374:in `connection'
activerecord (5.1.5) lib/active_record/connection_adapters/abstract/connection_pool.rb:931:in `retrieve_connection'
activerecord (5.1.5) lib/active_record/connection_handling.rb:116:in `retrieve_connection'
activerecord (5.1.5) lib/active_record/connection_handling.rb:88:in `connection'
activerecord (5.1.5) lib/active_record/migration.rb:562:in `connection'
activerecord (5.1.5) lib/active_record/migration.rb:553:in `call'
actionpack (5.1.5) lib/action_dispatch/middleware/callbacks.rb:26:in `block in call'
activesupport (5.1.5) lib/active_support/callbacks.rb:97:in `run_callbacks'
actionpack (5.1.5) lib/action_dispatch/middleware/callbacks.rb:24:in `call'
actionpack (5.1.5) lib/action_dispatch/middleware/executor.rb:12:in `call'
actionpack (5.1.5) lib/action_dispatch/middleware/debug_exceptions.rb:59:in `call'
web-console (3.5.1) lib/web_console/middleware.rb:135:in `call_app'
web-console (3.5.1) lib/web_console/middleware.rb:28:in `block in call'
web-console (3.5.1) lib/web_console/middleware.rb:18:in `catch'
web-console (3.5.1) lib/web_console/middleware.rb:18:in `call'
actionpack (5.1.5) lib/action_dispatch/middleware/show_exceptions.rb:31:in `call'
railties (5.1.5) lib/rails/rack/logger.rb:36:in `call_app'
railties (5.1.5) lib/rails/rack/logger.rb:24:in `block in call'
activesupport (5.1.5) lib/active_support/tagged_logging.rb:69:in `block in tagged'
activesupport (5.1.5) lib/active_support/tagged_logging.rb:26:in `tagged'
activesupport (5.1.5) lib/active_support/tagged_logging.rb:69:in `tagged'
railties (5.1.5) lib/rails/rack/logger.rb:24:in `call'
sprockets-rails (3.2.1) lib/sprockets/rails/quiet_assets.rb:13:in `call'
actionpack (5.1.5) lib/action_dispatch/middleware/remote_ip.rb:79:in `call'
actionpack (5.1.5) lib/action_dispatch/middleware/request_id.rb:25:in `call'
rack (2.0.4) lib/rack/method_override.rb:22:in `call'
rack (2.0.4) lib/rack/runtime.rb:22:in `call'
activesupport (5.1.5) lib/active_support/cache/strategy/local_cache_middleware.rb:27:in `call'
actionpack (5.1.5) lib/action_dispatch/middleware/executor.rb:12:in `call'
actionpack (5.1.5) lib/action_dispatch/middleware/static.rb:125:in `call'
rack (2.0.4) lib/rack/sendfile.rb:111:in `call'
railties (5.1.5) lib/rails/engine.rb:522:in `call'
puma (3.11.3) lib/puma/configuration.rb:225:in `call'
puma (3.11.3) lib/puma/server.rb:624:in `handle_request'
puma (3.11.3) lib/puma/server.rb:438:in `process_client'
puma (3.11.3) lib/puma/server.rb:302:in `block in run'
puma (3.11.3) lib/puma/thread_pool.rb:120:in `block in spawn_thread'
  [1m[35m (0.8ms)[0m  [1m[35mSET NAMES utf8,  @@SESSION.sql_mode = CONCAT(CONCAT(@@sql_mode, ',STRICT_ALL_TABLES'), ',NO_AUTO_VALUE_ON_ZERO'),  @@SESSION.sql_auto_is_null = 0, @@SESSION.wait_timeout = 2147483[0m
  [1m[35m (292.1ms)[0m  [1m[35mCREATE TABLE `schema_migrations` (`version` varchar(255) NOT NULL PRIMARY KEY) ENGINE=InnoDB[0m
  [1m[35m (310.4ms)[0m  [1m[35mCREATE TABLE `ar_internal_metadata` (`key` varchar(255) NOT NULL PRIMARY KEY, `value` varchar(255), `created_at` datetime NOT NULL, `updated_at` datetime NOT NULL) ENGINE=InnoDB[0m
  [1m[35m (0.3ms)[0m  [1m[34mSELECT GET_LOCK('892336952976185220', 0)[0m
  [1m[35m (0.5ms)[0m  [1m[34mSELECT `schema_migrations`.`version` FROM `schema_migrations` ORDER BY `schema_migrations`.`version` ASC[0m
Migrating to CreateUsers (20180308142650)
  [1m[35m (320.1ms)[0m  [1m[35mCREATE TABLE `users` (`id` bigint NOT NULL AUTO_INCREMENT PRIMARY KEY, `name` varchar(255), `created_at` datetime NOT NULL, `updated_at` datetime NOT NULL) ENGINE=InnoDB[0m
  [1m[35m (0.3ms)[0m  [1m[35mBEGIN[0m
  [1m[35mSQL (0.5ms)[0m  [1m[32mINSERT INTO `schema_migrations` (`version`) VALUES ('20180308142650')[0m
  [1m[35m (37.0ms)[0m  [1m[35mCOMMIT[0m
Migrating to AddDeviseToUsers (20180308144256)
  [1m[35m (501.5ms)[0m  [1m[35mALTER TABLE `users` ADD `email` varchar(255) DEFAULT '' NOT NULL[0m
  [1m[35m (476.7ms)[0m  [1m[35mALTER TABLE `users` ADD `encrypted_password` varchar(255) DEFAULT '' NOT NULL[0m
  [1m[35m (547.9ms)[0m  [1m[35mALTER TABLE `users` ADD `reset_password_token` varchar(255)[0m
  [1m[35m (500.6ms)[0m  [1m[35mALTER TABLE `users` ADD `reset_password_sent_at` datetime[0m
  [1m[35m (446.1ms)[0m  [1m[35mALTER TABLE `users` ADD `remember_created_at` datetime[0m
  [1m[35m (445.8ms)[0m  [1m[35mALTER TABLE `users` ADD `sign_in_count` int DEFAULT 0 NOT NULL[0m
  [1m[35m (490.5ms)[0m  [1m[35mALTER TABLE `users` ADD `current_sign_in_at` datetime[0m
  [1m[35m (513.2ms)[0m  [1m[35mALTER TABLE `users` ADD `last_sign_in_at` datetime[0m
  [1m[35m (447.6ms)[0m  [1m[35mALTER TABLE `users` ADD `current_sign_in_ip` varchar(255)[0m
  [1m[35m (457.1ms)[0m  [1m[35mALTER TABLE `users` ADD `last_sign_in_ip` varchar(255)[0m
  [1m[35m (209.8ms)[0m  [1m[35mCREATE UNIQUE INDEX `index_users_on_email`  ON `users` (`email`) [0m
  [1m[35m (255.4ms)[0m  [1m[35mCREATE UNIQUE INDEX `index_users_on_reset_password_token`  ON `users` (`reset_password_token`) [0m
  [1m[35m (0.4ms)[0m  [1m[35mBEGIN[0m
  [1m[35mSQL (0.8ms)[0m  [1m[32mINSERT INTO `schema_migrations` (`version`) VALUES ('20180308144256')[0m
  [1m[35m (39.1ms)[0m  [1m[35mCOMMIT[0m
Migrating to CreatePosts (20180308145654)
  [1m[35m (402.9ms)[0m  [1m[35mCREATE TABLE `posts` (`id` bigint NOT NULL AUTO_INCREMENT PRIMARY KEY, `title` varchar(255), `content` text, `user_id` bigint, `created_at` datetime NOT NULL, `updated_at` datetime NOT NULL,  INDEX `index_posts_on_user_id`  (`user_id`), CONSTRAINT `fk_rails_5b5ddfd518`
FOREIGN KEY (`user_id`)
  REFERENCES `users` (`id`)
) ENGINE=InnoDB[0m
  [1m[35m (0.7ms)[0m  [1m[35mBEGIN[0m
  [1m[35mSQL (1.1ms)[0m  [1m[32mINSERT INTO `schema_migrations` (`version`) VALUES ('20180308145654')[0m
  [1m[35m (46.8ms)[0m  [1m[35mCOMMIT[0m
Migrating to CreateComments (20180309141243)
  [1m[35m (361.4ms)[0m  [1m[35mCREATE TABLE `comments` (`id` bigint NOT NULL AUTO_INCREMENT PRIMARY KEY, `commenter` varchar(255), `body` text, `user_id` bigint, `post_id` bigint, `created_at` datetime NOT NULL, `updated_at` datetime NOT NULL,  INDEX `index_comments_on_user_id`  (`user_id`),  INDEX `index_comments_on_post_id`  (`post_id`), CONSTRAINT `fk_rails_03de2dc08c`
FOREIGN KEY (`user_id`)
  REFERENCES `users` (`id`)
, CONSTRAINT `fk_rails_2fd19c0db7`
FOREIGN KEY (`post_id`)
  REFERENCES `posts` (`id`)
) ENGINE=InnoDB[0m
  [1m[35m (0.4ms)[0m  [1m[35mBEGIN[0m
  [1m[35mSQL (0.7ms)[0m  [1m[32mINSERT INTO `schema_migrations` (`version`) VALUES ('20180309141243')[0m
  [1m[35m (39.1ms)[0m  [1m[35mCOMMIT[0m
  [1m[36mActiveRecord::InternalMetadata Load (1.0ms)[0m  [1m[34mSELECT  `ar_internal_metadata`.* FROM `ar_internal_metadata` WHERE `ar_internal_metadata`.`key` = 'environment' LIMIT 1[0m
  [1m[35m (0.4ms)[0m  [1m[35mBEGIN[0m
  [1m[35mSQL (0.8ms)[0m  [1m[32mINSERT INTO `ar_internal_metadata` (`key`, `value`, `created_at`, `updated_at`) VALUES ('environment', 'development', '2018-03-12 16:37:51', '2018-03-12 16:37:51')[0m
  [1m[35m (39.6ms)[0m  [1m[35mCOMMIT[0m
  [1m[35m (0.8ms)[0m  [1m[34mSELECT RELEASE_LOCK('892336952976185220')[0m
  [1m[35m (1.0ms)[0m  [1m[34mSELECT `schema_migrations`.`version` FROM `schema_migrations` ORDER BY `schema_migrations`.`version` ASC[0m
Started GET "/" for 127.0.0.1 at 2018-03-12 18:37:59 +0200
  [1m[35m (0.6ms)[0m  [1m[35mSET NAMES utf8,  @@SESSION.sql_mode = CONCAT(CONCAT(@@sql_mode, ',STRICT_ALL_TABLES'), ',NO_AUTO_VALUE_ON_ZERO'),  @@SESSION.sql_auto_is_null = 0, @@SESSION.wait_timeout = 2147483[0m
  [1m[35m (0.8ms)[0m  [1m[34mSELECT `schema_migrations`.`version` FROM `schema_migrations` ORDER BY `schema_migrations`.`version` ASC[0m
Processing by PostsController#index as HTML
  Rendering posts/index.html.erb within layouts/application
  [1m[36mPost Load (0.7ms)[0m  [1m[34mSELECT `posts`.* FROM `posts`[0m
  Rendered posts/index.html.erb within layouts/application (17.6ms)
Completed 200 OK in 2042ms (Views: 1992.1ms | ActiveRecord: 1.7ms)


Started GET "/users/sign_up" for 127.0.0.1 at 2018-03-12 18:38:05 +0200
Processing by Devise::RegistrationsController#new as HTML
  Rendering devise/registrations/new.html.erb within layouts/application
  Rendered devise/shared/_links.html.erb (3.3ms)
  Rendered devise/registrations/new.html.erb within layouts/application (84.3ms)
Completed 200 OK in 196ms (Views: 139.8ms | ActiveRecord: 3.6ms)


Started POST "/users" for 127.0.0.1 at 2018-03-12 18:38:17 +0200
Processing by Devise::RegistrationsController#create as HTML
  Parameters: {"utf8"=>"✓", "authenticity_token"=>"jyZbhso/tqemteEgR1WIiRnDRxD1+sLKpVA+n1adDjg9ecg3se8Jrovf7h4L1KRbLvo9DPSbU/rDZre9Gm55Hw==", "user"=>{"name"=>"areej", "email"=>"a@gmail.com", "password"=>"[FILTERED]", "password_confirmation"=>"[FILTERED]"}, "commit"=>"Sign up"}
  [1m[35m (0.4ms)[0m  [1m[35mBEGIN[0m
  [1m[36mUser Exists (1.1ms)[0m  [1m[34mSELECT  1 AS one FROM `users` WHERE `users`.`email` = BINARY 'a@gmail.com' LIMIT 1[0m
  [1m[35mSQL (1.3ms)[0m  [1m[32mINSERT INTO `users` (`name`, `created_at`, `updated_at`, `email`, `encrypted_password`) VALUES ('areej', '2018-03-12 16:38:18', '2018-03-12 16:38:18', 'a@gmail.com', '$2a$11$FAfa8amDbF0fzNlQf.woK.g0Kf17z49WOaZ/ZrJhpyyHs4.K2PYoq')[0m
  [1m[35m (32.7ms)[0m  [1m[35mCOMMIT[0m
  [1m[35m (0.4ms)[0m  [1m[35mBEGIN[0m
  [1m[35mSQL (0.7ms)[0m  [1m[33mUPDATE `users` SET `sign_in_count` = 1, `current_sign_in_at` = '2018-03-12 16:38:18', `last_sign_in_at` = '2018-03-12 16:38:18', `current_sign_in_ip` = '127.0.0.1', `last_sign_in_ip` = '127.0.0.1' WHERE `users`.`id` = 1[0m
  [1m[35m (32.6ms)[0m  [1m[35mCOMMIT[0m
Redirected to http://localhost:3000/
Completed 302 Found in 319ms (ActiveRecord: 69.2ms)


Started GET "/" for 127.0.0.1 at 2018-03-12 18:38:18 +0200
Processing by PostsController#index as HTML
  Rendering posts/index.html.erb within layouts/application
  [1m[36mPost Load (0.7ms)[0m  [1m[34mSELECT `posts`.* FROM `posts`[0m
  [1m[36mUser Load (0.8ms)[0m  [1m[34mSELECT  `users`.* FROM `users` WHERE `users`.`id` = 1 ORDER BY `users`.`id` ASC LIMIT 1[0m
  Rendered posts/index.html.erb within layouts/application (10.2ms)
Completed 200 OK in 69ms (Views: 64.4ms | ActiveRecord: 1.4ms)


Started GET "/posts/new" for 127.0.0.1 at 2018-03-12 18:38:21 +0200
Processing by PostsController#new as HTML
  Rendering posts/new.html.erb within layouts/application
  [1m[36mUser Load (0.9ms)[0m  [1m[34mSELECT  `users`.* FROM `users` WHERE `users`.`id` = 1 ORDER BY `users`.`id` ASC LIMIT 1[0m
  Rendered posts/_form.html.erb (8.5ms)
  Rendered posts/new.html.erb within layouts/application (15.5ms)
Completed 200 OK in 99ms (Views: 67.9ms | ActiveRecord: 6.2ms)


Started POST "/posts" for 127.0.0.1 at 2018-03-12 18:38:45 +0200
Processing by PostsController#create as HTML
  Parameters: {"utf8"=>"✓", "authenticity_token"=>"GVH+hcmlrVBL1l1/N33VbzYvdl7Pw11izhaGOUn44KWpiXybs0l3H/5h3j8xZdOrDbFcx0A/orbqYUqMhZo6Aw==", "post"=>{"title"=>"al ahly match", "content"=>"al ahly won today"}, "commit"=>"Create Post"}
  [1m[36mUser Load (0.8ms)[0m  [1m[34mSELECT  `users`.* FROM `users` WHERE `users`.`id` = 1 ORDER BY `users`.`id` ASC LIMIT 1[0m
  [1m[35m (0.3ms)[0m  [1m[35mBEGIN[0m
  [1m[36mUser Load (1.1ms)[0m  [1m[34mSELECT  `users`.* FROM `users` WHERE `users`.`id` = 1 LIMIT 1[0m
  [1m[35mSQL (0.6ms)[0m  [1m[32mINSERT INTO `posts` (`title`, `content`, `user_id`, `created_at`, `updated_at`) VALUES ('al ahly match', 'al ahly won today', 1, '2018-03-12 16:38:45', '2018-03-12 16:38:45')[0m
  [1m[35m (96.5ms)[0m  [1m[35mCOMMIT[0m
Redirected to http://localhost:3000/posts/1
Completed 302 Found in 142ms (ActiveRecord: 99.4ms)


Started GET "/posts/1" for 127.0.0.1 at 2018-03-12 18:38:45 +0200
Processing by PostsController#show as HTML
  Parameters: {"id"=>"1"}
  [1m[36mPost Load (0.6ms)[0m  [1m[34mSELECT  `posts`.* FROM `posts` WHERE `posts`.`id` = 1 LIMIT 1[0m
  Rendering posts/show.html.erb within layouts/application
  [1m[36mUser Load (1.4ms)[0m  [1m[34mSELECT  `users`.* FROM `users` WHERE `users`.`id` = 1 LIMIT 1[0m
  [1m[36mComment Load (0.7ms)[0m  [1m[34mSELECT `comments`.* FROM `comments` WHERE `comments`.`post_id` = 1[0m
  Rendered collection of templates [0 times] (0.0ms)
  [1m[36mUser Load (0.8ms)[0m  [1m[34mSELECT  `users`.* FROM `users` WHERE `users`.`id` = 1 ORDER BY `users`.`id` ASC LIMIT 1[0m
  Rendered comments/_form.html.erb (59.7ms)
  Rendered posts/show.html.erb within layouts/application (112.6ms)
Completed 200 OK in 175ms (Views: 163.5ms | ActiveRecord: 5.4ms)


Started POST "/posts/1/comments" for 127.0.0.1 at 2018-03-12 18:38:57 +0200
Processing by CommentsController#create as HTML
  Parameters: {"utf8"=>"✓", "authenticity_token"=>"paR01T7PvoFq+jmCIySJzB/6wHGzseRllfPpIb1mdW2+TtlxivLAg+IQtcZnuIGkoY9XE2FJ4Zdyl7PVzBgj3A==", "comment"=>{"commenter"=>"areej", "user_id"=>"1", "body"=>"Great!"}, "commit"=>"Create Comment", "post_id"=>"1"}
  [1m[36mPost Load (0.7ms)[0m  [1m[34mSELECT  `posts`.* FROM `posts` WHERE `posts`.`id` = 1 LIMIT 1[0m
  [1m[35m (1.3ms)[0m  [1m[35mBEGIN[0m
  [1m[35mSQL (0.6ms)[0m  [1m[32mINSERT INTO `comments` (`commenter`, `body`, `user_id`, `post_id`, `created_at`, `updated_at`) VALUES ('areej', 'Great!', 1, 1, '2018-03-12 16:38:57', '2018-03-12 16:38:57')[0m
  [1m[35m (39.2ms)[0m  [1m[35mCOMMIT[0m
Redirected to http://localhost:3000/posts/1
Completed 302 Found in 61ms (ActiveRecord: 41.9ms)


Started GET "/posts/1" for 127.0.0.1 at 2018-03-12 18:38:57 +0200
Processing by PostsController#show as HTML
  Parameters: {"id"=>"1"}
  [1m[36mPost Load (1.6ms)[0m  [1m[34mSELECT  `posts`.* FROM `posts` WHERE `posts`.`id` = 1 LIMIT 1[0m
  Rendering posts/show.html.erb within layouts/application
  [1m[36mUser Load (0.7ms)[0m  [1m[34mSELECT  `users`.* FROM `users` WHERE `users`.`id` = 1 LIMIT 1[0m
  [1m[36mComment Load (0.8ms)[0m  [1m[34mSELECT `comments`.* FROM `comments` WHERE `comments`.`post_id` = 1[0m
  [1m[36mUser Load (0.6ms)[0m  [1m[34mSELECT  `users`.* FROM `users` WHERE `users`.`id` = 1 ORDER BY `users`.`id` ASC LIMIT 1[0m
  Rendered collection of comments/_comment.html.erb [1 times] (5.5ms)
  Rendered comments/_form.html.erb (5.5ms)
  Rendered posts/show.html.erb within layouts/application (24.8ms)
Completed 200 OK in 80ms (Views: 71.2ms | ActiveRecord: 3.7ms)


Started GET "/posts" for 127.0.0.1 at 2018-03-12 18:39:09 +0200
Processing by PostsController#index as HTML
  Rendering posts/index.html.erb within layouts/application
  [1m[36mPost Load (0.7ms)[0m  [1m[34mSELECT `posts`.* FROM `posts`[0m
  [1m[36mUser Load (0.7ms)[0m  [1m[34mSELECT  `users`.* FROM `users` WHERE `users`.`id` = 1 LIMIT 1[0m
  [1m[36mUser Load (0.8ms)[0m  [1m[34mSELECT  `users`.* FROM `users` WHERE `users`.`id` = 1 ORDER BY `users`.`id` ASC LIMIT 1[0m
  Rendered posts/index.html.erb within layouts/application (16.6ms)
Completed 200 OK in 81ms (Views: 76.4ms | ActiveRecord: 2.2ms)


Started GET "/posts/1" for 127.0.0.1 at 2018-03-12 18:39:15 +0200
Processing by PostsController#show as HTML
  Parameters: {"id"=>"1"}
  [1m[36mPost Load (0.7ms)[0m  [1m[34mSELECT  `posts`.* FROM `posts` WHERE `posts`.`id` = 1 LIMIT 1[0m
  Rendering posts/show.html.erb within layouts/application
  [1m[36mUser Load (1.2ms)[0m  [1m[34mSELECT  `users`.* FROM `users` WHERE `users`.`id` = 1 LIMIT 1[0m
  [1m[36mComment Load (0.8ms)[0m  [1m[34mSELECT `comments`.* FROM `comments` WHERE `comments`.`post_id` = 1[0m
  [1m[36mUser Load (0.8ms)[0m  [1m[34mSELECT  `users`.* FROM `users` WHERE `users`.`id` = 1 ORDER BY `users`.`id` ASC LIMIT 1[0m
  Rendered collection of comments/_comment.html.erb [1 times] (9.1ms)
  Rendered comments/_form.html.erb (6.7ms)
  Rendered posts/show.html.erb within layouts/application (30.0ms)
Completed 200 OK in 96ms (Views: 88.4ms | ActiveRecord: 3.6ms)


Started GET "/" for 127.0.0.1 at 2018-03-13 09:13:41 +0200
  [1m[35m (26.2ms)[0m  [1m[35mSET NAMES utf8,  @@SESSION.sql_mode = CONCAT(CONCAT(@@sql_mode, ',STRICT_ALL_TABLES'), ',NO_AUTO_VALUE_ON_ZERO'),  @@SESSION.sql_auto_is_null = 0, @@SESSION.wait_timeout = 2147483[0m
  [1m[35m (18.4ms)[0m  [1m[34mSELECT `schema_migrations`.`version` FROM `schema_migrations` ORDER BY `schema_migrations`.`version` ASC[0m
Processing by PostsController#index as HTML
  Rendering posts/index.html.erb within layouts/application
  [1m[36mPost Load (112.7ms)[0m  [1m[34mSELECT `posts`.* FROM `posts`[0m
  [1m[36mUser Load (1.0ms)[0m  [1m[34mSELECT  `users`.* FROM `users` WHERE `users`.`id` = 1 LIMIT 1[0m
  Rendered posts/index.html.erb within layouts/application (347.4ms)
Completed 200 OK in 1268ms (Views: 1004.7ms | ActiveRecord: 209.1ms)


Started GET "/users/sign_in" for 127.0.0.1 at 2018-03-13 09:13:49 +0200
Processing by Devise::SessionsController#new as HTML
  Rendering devise/sessions/new.html.erb within layouts/application
  Rendered devise/shared/_links.html.erb (5.3ms)
  Rendered devise/sessions/new.html.erb within layouts/application (73.3ms)
Completed 200 OK in 210ms (Views: 205.0ms | ActiveRecord: 0.0ms)


Started POST "/users/sign_in" for 127.0.0.1 at 2018-03-13 09:13:56 +0200
Processing by Devise::SessionsController#create as HTML
  Parameters: {"utf8"=>"✓", "authenticity_token"=>"KQEBJSTwozqCAWl8umQhxDZsI+dz/Gv17/Iv4oa2jc+k1oAcJZyWtTcf/WH5wUazeaumGASJhAzsF3diUlP6og==", "user"=>{"email"=>"arig.mohey@gmail.com", "password"=>"[FILTERED]", "remember_me"=>"0"}, "commit"=>"Log in"}
  [1m[36mUser Load (42.5ms)[0m  [1m[34mSELECT  `users`.* FROM `users` WHERE `users`.`email` = 'arig.mohey@gmail.com' ORDER BY `users`.`id` ASC LIMIT 1[0m
Completed 401 Unauthorized in 93ms (ActiveRecord: 42.5ms)


Processing by Devise::SessionsController#new as HTML
  Parameters: {"utf8"=>"✓", "authenticity_token"=>"KQEBJSTwozqCAWl8umQhxDZsI+dz/Gv17/Iv4oa2jc+k1oAcJZyWtTcf/WH5wUazeaumGASJhAzsF3diUlP6og==", "user"=>{"email"=>"arig.mohey@gmail.com", "password"=>"[FILTERED]", "remember_me"=>"0"}, "commit"=>"Log in"}
  Rendering devise/sessions/new.html.erb within layouts/application
  Rendered devise/shared/_links.html.erb (2.6ms)
  Rendered devise/sessions/new.html.erb within layouts/application (9.4ms)
Completed 200 OK in 267ms (Views: 60.2ms | ActiveRecord: 0.0ms)


Started GET "/users/sign_up" for 127.0.0.1 at 2018-03-13 09:13:59 +0200
Processing by Devise::RegistrationsController#new as HTML
  Rendering devise/registrations/new.html.erb within layouts/application
  Rendered devise/shared/_links.html.erb (2.6ms)
  Rendered devise/registrations/new.html.erb within layouts/application (14.1ms)
Completed 200 OK in 89ms (Views: 83.0ms | ActiveRecord: 0.0ms)


Started POST "/users" for 127.0.0.1 at 2018-03-13 09:14:10 +0200
Processing by Devise::RegistrationsController#create as HTML
  Parameters: {"utf8"=>"✓", "authenticity_token"=>"cbx/W0tScExAeWrPzSuoK8ooX5cjGXKcJwKIUgHEe+I3X4IEhZJMJZG3vCFQKihTHIZkw6nyFblHw1ZwnGfQZQ==", "user"=>{"name"=>"a", "email"=>"arig.moh@gmail.com", "password"=>"[FILTERED]", "password_confirmation"=>"[FILTERED]"}, "commit"=>"Sign up"}
  [1m[35m (0.3ms)[0m  [1m[35mBEGIN[0m
  [1m[36mUser Exists (0.8ms)[0m  [1m[34mSELECT  1 AS one FROM `users` WHERE `users`.`email` = BINARY 'arig.moh@gmail.com' LIMIT 1[0m
  [1m[35mSQL (33.0ms)[0m  [1m[32mINSERT INTO `users` (`name`, `created_at`, `updated_at`, `email`, `encrypted_password`) VALUES ('a', '2018-03-13 07:14:11', '2018-03-13 07:14:11', 'arig.moh@gmail.com', '$2a$11$hPA5TU39fWuQyan.6PkekO.j2X.JYm7dxJRXabtmR184FbP3Dla6K')[0m
  [1m[35m (53.5ms)[0m  [1m[35mCOMMIT[0m
  [1m[35m (14.8ms)[0m  [1m[35mBEGIN[0m
  [1m[35mSQL (8.8ms)[0m  [1m[33mUPDATE `users` SET `sign_in_count` = 1, `current_sign_in_at` = '2018-03-13 07:14:11', `last_sign_in_at` = '2018-03-13 07:14:11', `current_sign_in_ip` = '127.0.0.1', `last_sign_in_ip` = '127.0.0.1' WHERE `users`.`id` = 2[0m
  [1m[35m (44.4ms)[0m  [1m[35mCOMMIT[0m
Redirected to http://localhost:3000/
Completed 302 Found in 416ms (ActiveRecord: 155.5ms)


Started GET "/" for 127.0.0.1 at 2018-03-13 09:14:11 +0200
Processing by PostsController#index as HTML
  Rendering posts/index.html.erb within layouts/application
  [1m[36mPost Load (0.7ms)[0m  [1m[34mSELECT `posts`.* FROM `posts`[0m
  [1m[36mUser Load (0.6ms)[0m  [1m[34mSELECT  `users`.* FROM `users` WHERE `users`.`id` = 1 LIMIT 1[0m
  [1m[36mUser Load (0.7ms)[0m  [1m[34mSELECT  `users`.* FROM `users` WHERE `users`.`id` = 2 ORDER BY `users`.`id` ASC LIMIT 1[0m
  Rendered posts/index.html.erb within layouts/application (17.4ms)
Completed 200 OK in 74ms (Views: 68.4ms | ActiveRecord: 2.0ms)


Started GET "/posts/1" for 127.0.0.1 at 2018-03-13 09:14:16 +0200
Processing by PostsController#show as HTML
  Parameters: {"id"=>"1"}
  [1m[36mPost Load (0.7ms)[0m  [1m[34mSELECT  `posts`.* FROM `posts` WHERE `posts`.`id` = 1 LIMIT 1[0m
  Rendering posts/show.html.erb within layouts/application
  [1m[36mUser Load (1.8ms)[0m  [1m[34mSELECT  `users`.* FROM `users` WHERE `users`.`id` = 1 LIMIT 1[0m
  [1m[36mComment Load (15.7ms)[0m  [1m[34mSELECT `comments`.* FROM `comments` WHERE `comments`.`post_id` = 1[0m
  [1m[36mUser Load (0.6ms)[0m  [1m[34mSELECT  `users`.* FROM `users` WHERE `users`.`id` = 2 ORDER BY `users`.`id` ASC LIMIT 1[0m
  Rendered collection of comments/_comment.html.erb [1 times] (4.6ms)
  Rendered comments/_form.html.erb (16.9ms)
  Rendered posts/show.html.erb within layouts/application (212.1ms)
Completed 200 OK in 291ms (Views: 190.2ms | ActiveRecord: 85.0ms)


Started GET "/" for 127.0.0.1 at 2018-03-13 09:14:20 +0200
Processing by PostsController#index as HTML
  Rendering posts/index.html.erb within layouts/application
  [1m[36mPost Load (0.7ms)[0m  [1m[34mSELECT `posts`.* FROM `posts`[0m
  [1m[36mUser Load (0.7ms)[0m  [1m[34mSELECT  `users`.* FROM `users` WHERE `users`.`id` = 1 LIMIT 1[0m
  [1m[36mUser Load (6.2ms)[0m  [1m[34mSELECT  `users`.* FROM `users` WHERE `users`.`id` = 2 ORDER BY `users`.`id` ASC LIMIT 1[0m
  Rendered posts/index.html.erb within layouts/application (22.9ms)
Completed 200 OK in 103ms (Views: 93.2ms | ActiveRecord: 7.6ms)


Started GET "/" for 127.0.0.1 at 2018-03-14 12:47:05 +0200
  [1m[35m (19.0ms)[0m  [1m[35mSET NAMES utf8,  @@SESSION.sql_mode = CONCAT(CONCAT(@@sql_mode, ',STRICT_ALL_TABLES'), ',NO_AUTO_VALUE_ON_ZERO'),  @@SESSION.sql_auto_is_null = 0, @@SESSION.wait_timeout = 2147483[0m
  [1m[35m (60.4ms)[0m  [1m[34mSELECT `schema_migrations`.`version` FROM `schema_migrations` ORDER BY `schema_migrations`.`version` ASC[0m
Processing by PostsController#index as HTML
  Rendering posts/index.html.erb within layouts/application
  [1m[36mPost Load (107.5ms)[0m  [1m[34mSELECT `posts`.* FROM `posts`[0m
  [1m[36mUser Load (0.8ms)[0m  [1m[34mSELECT  `users`.* FROM `users` WHERE `users`.`id` = 1 LIMIT 1[0m
  Rendered posts/index.html.erb within layouts/application (308.7ms)
Completed 200 OK in 964ms (Views: 722.7ms | ActiveRecord: 201.6ms)


Started GET "/users/sign_up" for 127.0.0.1 at 2018-03-14 12:47:13 +0200
Processing by Devise::RegistrationsController#new as HTML
  Rendering devise/registrations/new.html.erb within layouts/application
  Rendered devise/shared/_links.html.erb (3.4ms)
  Rendered devise/registrations/new.html.erb within layouts/application (93.2ms)
Completed 200 OK in 166ms (Views: 159.9ms | ActiveRecord: 0.0ms)


Started POST "/users" for 127.0.0.1 at 2018-03-14 12:47:27 +0200
Processing by Devise::RegistrationsController#create as HTML
  Parameters: {"utf8"=>"✓", "authenticity_token"=>"lp+soTpT8fHOtD+TqGhHsUoAWGIN4AWnhOEqUgl01H2byZpOpKoX9i1Qz3w+8qKFNojsqbE9VlOVBfue06V+aQ==", "user"=>{"name"=>"ahmed", "email"=>"a.m@gmail.com", "password"=>"[FILTERED]", "password_confirmation"=>"[FILTERED]"}, "commit"=>"Sign up"}
  [1m[35m (0.3ms)[0m  [1m[35mBEGIN[0m
  [1m[36mUser Exists (33.7ms)[0m  [1m[34mSELECT  1 AS one FROM `users` WHERE `users`.`email` = BINARY 'a.m@gmail.com' LIMIT 1[0m
  [1m[35mSQL (45.8ms)[0m  [1m[32mINSERT INTO `users` (`name`, `created_at`, `updated_at`, `email`, `encrypted_password`) VALUES ('ahmed', '2018-03-14 10:47:27', '2018-03-14 10:47:27', 'a.m@gmail.com', '$2a$11$AFyp.LjyTKS.xgGGhymsUudfVTWGGH.BhXnl9HJufny6KwXYBVXmu')[0m
  [1m[35m (77.2ms)[0m  [1m[35mCOMMIT[0m
  [1m[35m (0.3ms)[0m  [1m[35mBEGIN[0m
  [1m[35mSQL (24.6ms)[0m  [1m[33mUPDATE `users` SET `sign_in_count` = 1, `current_sign_in_at` = '2018-03-14 10:47:27', `last_sign_in_at` = '2018-03-14 10:47:27', `current_sign_in_ip` = '127.0.0.1', `last_sign_in_ip` = '127.0.0.1' WHERE `users`.`id` = 3[0m
  [1m[35m (44.3ms)[0m  [1m[35mCOMMIT[0m
Redirected to http://localhost:3000/
Completed 302 Found in 571ms (ActiveRecord: 226.2ms)


Started GET "/" for 127.0.0.1 at 2018-03-14 12:47:28 +0200
Processing by PostsController#index as HTML
  Rendering posts/index.html.erb within layouts/application
  [1m[36mPost Load (0.7ms)[0m  [1m[34mSELECT `posts`.* FROM `posts`[0m
  [1m[36mUser Load (1.7ms)[0m  [1m[34mSELECT  `users`.* FROM `users` WHERE `users`.`id` = 1 LIMIT 1[0m
  [1m[36mUser Load (0.7ms)[0m  [1m[34mSELECT  `users`.* FROM `users` WHERE `users`.`id` = 3 ORDER BY `users`.`id` ASC LIMIT 1[0m
  Rendered posts/index.html.erb within layouts/application (13.9ms)
Completed 200 OK in 71ms (Views: 64.7ms | ActiveRecord: 3.2ms)


Started GET "/posts/1" for 127.0.0.1 at 2018-03-14 12:47:32 +0200
Processing by PostsController#show as HTML
  Parameters: {"id"=>"1"}
  [1m[36mPost Load (3.3ms)[0m  [1m[34mSELECT  `posts`.* FROM `posts` WHERE `posts`.`id` = 1 LIMIT 1[0m
  Rendering posts/show.html.erb within layouts/application
  [1m[36mUser Load (3.1ms)[0m  [1m[34mSELECT  `users`.* FROM `users` WHERE `users`.`id` = 1 LIMIT 1[0m
  [1m[36mComment Load (0.8ms)[0m  [1m[34mSELECT `comments`.* FROM `comments` WHERE `comments`.`post_id` = 1[0m
  [1m[36mUser Load (0.7ms)[0m  [1m[34mSELECT  `users`.* FROM `users` WHERE `users`.`id` = 3 ORDER BY `users`.`id` ASC LIMIT 1[0m
  Rendered collection of comments/_comment.html.erb [1 times] (5.0ms)
  Rendered comments/_form.html.erb (24.1ms)
  Rendered posts/show.html.erb within layouts/application (281.5ms)
Completed 200 OK in 374ms (Views: 190.8ms | ActiveRecord: 149.3ms)


Started GET "/" for 127.0.0.1 at 2018-03-14 12:47:37 +0200
Processing by PostsController#index as HTML
  Rendering posts/index.html.erb within layouts/application
  [1m[36mPost Load (0.9ms)[0m  [1m[34mSELECT `posts`.* FROM `posts`[0m
  [1m[36mUser Load (1.0ms)[0m  [1m[34mSELECT  `users`.* FROM `users` WHERE `users`.`id` = 1 LIMIT 1[0m
  [1m[36mUser Load (0.8ms)[0m  [1m[34mSELECT  `users`.* FROM `users` WHERE `users`.`id` = 3 ORDER BY `users`.`id` ASC LIMIT 1[0m
  Rendered posts/index.html.erb within layouts/application (18.8ms)
Completed 200 OK in 84ms (Views: 78.4ms | ActiveRecord: 2.7ms)


Started GET "/" for 127.0.0.1 at 2018-03-14 12:48:36 +0200
Processing by PostsController#index as HTML
  Rendering posts/index.html.erb within layouts/application
  [1m[36mPost Load (0.6ms)[0m  [1m[34mSELECT `posts`.* FROM `posts`[0m
  [1m[36mUser Load (0.7ms)[0m  [1m[34mSELECT  `users`.* FROM `users` WHERE `users`.`id` = 1 LIMIT 1[0m
  [1m[36mUser Load (7.9ms)[0m  [1m[34mSELECT  `users`.* FROM `users` WHERE `users`.`id` = 3 ORDER BY `users`.`id` ASC LIMIT 1[0m
  Rendered posts/index.html.erb within layouts/application (27.6ms)
Completed 200 OK in 83ms (Views: 70.8ms | ActiveRecord: 9.2ms)


Started GET "/" for 127.0.0.1 at 2018-03-14 12:48:39 +0200
Processing by PostsController#index as HTML
  Rendering posts/index.html.erb within layouts/application
  [1m[36mPost Load (0.6ms)[0m  [1m[34mSELECT `posts`.* FROM `posts`[0m
  [1m[36mUser Load (0.9ms)[0m  [1m[34mSELECT  `users`.* FROM `users` WHERE `users`.`id` = 1 LIMIT 1[0m
  [1m[36mUser Load (2.2ms)[0m  [1m[34mSELECT  `users`.* FROM `users` WHERE `users`.`id` = 3 ORDER BY `users`.`id` ASC LIMIT 1[0m
  Rendered posts/index.html.erb within layouts/application (19.9ms)
Completed 200 OK in 87ms (Views: 81.1ms | ActiveRecord: 3.8ms)


Started GET "/" for 127.0.0.1 at 2018-03-14 12:52:47 +0200
Processing by PostsController#index as HTML
  Rendering posts/index.html.erb within layouts/application
  [1m[36mPost Load (0.7ms)[0m  [1m[34mSELECT `posts`.* FROM `posts`[0m
  [1m[36mUser Load (0.8ms)[0m  [1m[34mSELECT  `users`.* FROM `users` WHERE `users`.`id` = 1 LIMIT 1[0m
  [1m[36mUser Load (1.1ms)[0m  [1m[34mSELECT  `users`.* FROM `users` WHERE `users`.`id` = 3 ORDER BY `users`.`id` ASC LIMIT 1[0m
  Rendered posts/index.html.erb within layouts/application (16.5ms)
Completed 200 OK in 86ms (Views: 79.8ms | ActiveRecord: 2.6ms)


Started GET "/" for 127.0.0.1 at 2018-03-14 12:52:49 +0200
Processing by PostsController#index as HTML
  Rendering posts/index.html.erb within layouts/application
  [1m[36mPost Load (2.6ms)[0m  [1m[34mSELECT `posts`.* FROM `posts`[0m
  [1m[36mUser Load (0.7ms)[0m  [1m[34mSELECT  `users`.* FROM `users` WHERE `users`.`id` = 1 LIMIT 1[0m
  [1m[36mUser Load (0.7ms)[0m  [1m[34mSELECT  `users`.* FROM `users` WHERE `users`.`id` = 3 ORDER BY `users`.`id` ASC LIMIT 1[0m
  Rendered posts/index.html.erb within layouts/application (22.7ms)
Completed 200 OK in 82ms (Views: 74.5ms | ActiveRecord: 4.1ms)


Started DELETE "/users/sign_out" for 127.0.0.1 at 2018-03-14 12:52:58 +0200
Processing by Devise::SessionsController#destroy as HTML
  Parameters: {"authenticity_token"=>"1bq4A8Bm9VZR6WbnYkiIcTxU53V6v+45x5RDHm1Kiju/VcOJjrOZzLk1vrWRA3NVSwl5BCiiDnUOJTYkGqgZiw=="}
  [1m[36mUser Load (0.9ms)[0m  [1m[34mSELECT  `users`.* FROM `users` WHERE `users`.`id` = 3 ORDER BY `users`.`id` ASC LIMIT 1[0m
  [1m[35m (0.3ms)[0m  [1m[35mBEGIN[0m
  [1m[35m (0.3ms)[0m  [1m[35mCOMMIT[0m
Redirected to http://localhost:3000/
Completed 302 Found in 18ms (ActiveRecord: 1.5ms)


Started GET "/" for 127.0.0.1 at 2018-03-14 12:52:58 +0200
Processing by PostsController#index as HTML
  Rendering posts/index.html.erb within layouts/application
  [1m[36mPost Load (0.9ms)[0m  [1m[34mSELECT `posts`.* FROM `posts`[0m
  [1m[36mUser Load (0.7ms)[0m  [1m[34mSELECT  `users`.* FROM `users` WHERE `users`.`id` = 1 LIMIT 1[0m
  Rendered posts/index.html.erb within layouts/application (9.1ms)
Completed 200 OK in 60ms (Views: 55.9ms | ActiveRecord: 1.6ms)


Started GET "/" for 127.0.0.1 at 2018-03-14 12:56:42 +0200
Processing by PostsController#index as HTML
  Rendering posts/index.html.erb within layouts/application
  [1m[36mPost Load (0.7ms)[0m  [1m[34mSELECT `posts`.* FROM `posts`[0m
  [1m[36mUser Load (0.9ms)[0m  [1m[34mSELECT  `users`.* FROM `users` WHERE `users`.`id` = 1 LIMIT 1[0m
  Rendered posts/index.html.erb within layouts/application (11.1ms)
Completed 200 OK in 71ms (Views: 67.6ms | ActiveRecord: 1.5ms)


Started GET "/" for 127.0.0.1 at 2018-03-14 12:57:15 +0200
Processing by PostsController#index as HTML
  Rendering posts/index.html.erb within layouts/application
  [1m[36mPost Load (0.7ms)[0m  [1m[34mSELECT `posts`.* FROM `posts`[0m
  [1m[36mUser Load (0.8ms)[0m  [1m[34mSELECT  `users`.* FROM `users` WHERE `users`.`id` = 1 LIMIT 1[0m
  Rendered posts/index.html.erb within layouts/application (10.0ms)
Completed 200 OK in 61ms (Views: 57.1ms | ActiveRecord: 1.4ms)


Started GET "/" for 127.0.0.1 at 2018-03-26 15:33:16 +0200
  [1m[35m (254.3ms)[0m  [1m[35mSET NAMES utf8,  @@SESSION.sql_mode = CONCAT(CONCAT(@@sql_mode, ',STRICT_ALL_TABLES'), ',NO_AUTO_VALUE_ON_ZERO'),  @@SESSION.sql_auto_is_null = 0, @@SESSION.wait_timeout = 2147483[0m
  [1m[35m (61.8ms)[0m  [1m[34mSELECT `schema_migrations`.`version` FROM `schema_migrations` ORDER BY `schema_migrations`.`version` ASC[0m
Processing by PostsController#index as HTML
  Rendering posts/index.html.erb within layouts/application
  [1m[36mPost Load (239.5ms)[0m  [1m[34mSELECT `posts`.* FROM `posts`[0m
  [1m[36mUser Load (27.3ms)[0m  [1m[34mSELECT  `users`.* FROM `users` WHERE `users`.`id` = 1 LIMIT 1[0m
  Rendered posts/index.html.erb within layouts/application (598.2ms)
Completed 200 OK in 1422ms (Views: 935.3ms | ActiveRecord: 424.7ms)


Started GET "/" for 127.0.0.1 at 2018-03-26 15:35:32 +0200
Processing by PostsController#index as HTML
  Rendering posts/index.html.erb within layouts/application
  [1m[36mPost Load (1.1ms)[0m  [1m[34mSELECT `posts`.* FROM `posts`[0m
  [1m[36mUser Load (0.7ms)[0m  [1m[34mSELECT  `users`.* FROM `users` WHERE `users`.`id` = 1 LIMIT 1[0m
  Rendered posts/index.html.erb within layouts/application (12.6ms)
Completed 200 OK in 132ms (Views: 113.4ms | ActiveRecord: 1.8ms)


Started GET "/" for 127.0.0.1 at 2018-03-26 15:36:15 +0200
Processing by PostsController#index as HTML
  Rendering posts/index.html.erb within layouts/application
  [1m[36mPost Load (0.7ms)[0m  [1m[34mSELECT `posts`.* FROM `posts`[0m
  [1m[36mUser Load (0.8ms)[0m  [1m[34mSELECT  `users`.* FROM `users` WHERE `users`.`id` = 1 LIMIT 1[0m
  Rendered posts/index.html.erb within layouts/application (13.6ms)
Completed 200 OK in 73ms (Views: 67.9ms | ActiveRecord: 1.4ms)


Started GET "/" for 127.0.0.1 at 2018-03-26 15:36:19 +0200
Processing by PostsController#index as HTML
  Rendering posts/index.html.erb within layouts/application
  [1m[36mPost Load (2.2ms)[0m  [1m[34mSELECT `posts`.* FROM `posts`[0m
  [1m[36mUser Load (1.5ms)[0m  [1m[34mSELECT  `users`.* FROM `users` WHERE `users`.`id` = 1 LIMIT 1[0m
  Rendered posts/index.html.erb within layouts/application (24.8ms)
Completed 200 OK in 211ms (Views: 202.5ms | ActiveRecord: 3.6ms)


Started GET "/" for 127.0.0.1 at 2018-03-26 15:36:22 +0200
Processing by PostsController#index as HTML
  Rendering posts/index.html.erb within layouts/application
  [1m[36mPost Load (0.7ms)[0m  [1m[34mSELECT `posts`.* FROM `posts`[0m
  [1m[36mUser Load (0.8ms)[0m  [1m[34mSELECT  `users`.* FROM `users` WHERE `users`.`id` = 1 LIMIT 1[0m
  Rendered posts/index.html.erb within layouts/application (12.0ms)
Completed 200 OK in 68ms (Views: 63.5ms | ActiveRecord: 1.6ms)


Started GET "/" for 127.0.0.1 at 2018-03-26 15:36:47 +0200
Processing by PostsController#index as HTML
  Rendering posts/index.html.erb within layouts/application
  [1m[36mPost Load (0.6ms)[0m  [1m[34mSELECT `posts`.* FROM `posts`[0m
  [1m[36mUser Load (0.8ms)[0m  [1m[34mSELECT  `users`.* FROM `users` WHERE `users`.`id` = 1 LIMIT 1[0m
  Rendered posts/index.html.erb within layouts/application (14.6ms)
Completed 200 OK in 142ms (Views: 138.3ms | ActiveRecord: 1.4ms)


Started GET "/" for 127.0.0.1 at 2018-03-26 15:37:18 +0200
Processing by PostsController#index as HTML
  Rendering posts/index.html.erb within layouts/application
  [1m[36mPost Load (0.7ms)[0m  [1m[34mSELECT `posts`.* FROM `posts`[0m
  [1m[36mUser Load (0.7ms)[0m  [1m[34mSELECT  `users`.* FROM `users` WHERE `users`.`id` = 1 LIMIT 1[0m
  Rendered posts/index.html.erb within layouts/application (14.5ms)
Completed 200 OK in 82ms (Views: 78.2ms | ActiveRecord: 1.4ms)


Started GET "/" for 127.0.0.1 at 2018-03-26 15:37:51 +0200
Processing by PostsController#index as HTML
  Rendering posts/index.html.erb within layouts/application
  [1m[36mPost Load (3.9ms)[0m  [1m[34mSELECT `posts`.* FROM `posts`[0m
  [1m[36mUser Load (0.8ms)[0m  [1m[34mSELECT  `users`.* FROM `users` WHERE `users`.`id` = 1 LIMIT 1[0m
  Rendered posts/index.html.erb within layouts/application (12.5ms)
Completed 200 OK in 76ms (Views: 69.1ms | ActiveRecord: 4.7ms)


Started GET "/" for 127.0.0.1 at 2018-03-26 15:38:25 +0200
Processing by PostsController#index as HTML
  Rendering posts/index.html.erb within layouts/application
  [1m[36mPost Load (0.6ms)[0m  [1m[34mSELECT `posts`.* FROM `posts`[0m
  [1m[36mUser Load (0.7ms)[0m  [1m[34mSELECT  `users`.* FROM `users` WHERE `users`.`id` = 1 LIMIT 1[0m
  Rendered posts/index.html.erb within layouts/application (9.0ms)
Completed 200 OK in 65ms (Views: 61.2ms | ActiveRecord: 1.3ms)


Started GET "/" for 127.0.0.1 at 2018-03-26 15:38:35 +0200
Processing by PostsController#index as HTML
  Rendering posts/index.html.erb within layouts/application
  [1m[36mPost Load (0.7ms)[0m  [1m[34mSELECT `posts`.* FROM `posts`[0m
  [1m[36mUser Load (0.8ms)[0m  [1m[34mSELECT  `users`.* FROM `users` WHERE `users`.`id` = 1 LIMIT 1[0m
  Rendered posts/index.html.erb within layouts/application (16.4ms)
Completed 200 OK in 76ms (Views: 70.6ms | ActiveRecord: 1.4ms)


Started GET "/" for 127.0.0.1 at 2018-03-26 15:38:55 +0200
Processing by PostsController#index as HTML
  Rendering posts/index.html.erb within layouts/application
  [1m[36mPost Load (2.0ms)[0m  [1m[34mSELECT `posts`.* FROM `posts`[0m
  [1m[36mUser Load (0.8ms)[0m  [1m[34mSELECT  `users`.* FROM `users` WHERE `users`.`id` = 1 LIMIT 1[0m
  Rendered posts/index.html.erb within layouts/application (14.2ms)
Completed 200 OK in 92ms (Views: 86.2ms | ActiveRecord: 2.8ms)


Started GET "/" for 127.0.0.1 at 2018-03-26 15:39:10 +0200
Processing by PostsController#index as HTML
  Rendering posts/index.html.erb within layouts/application
  [1m[36mPost Load (0.7ms)[0m  [1m[34mSELECT `posts`.* FROM `posts`[0m
  [1m[36mUser Load (1.0ms)[0m  [1m[34mSELECT  `users`.* FROM `users` WHERE `users`.`id` = 1 LIMIT 1[0m
  Rendered posts/index.html.erb within layouts/application (11.4ms)
Completed 200 OK in 79ms (Views: 74.1ms | ActiveRecord: 1.7ms)


Started GET "/" for 127.0.0.1 at 2018-03-26 15:39:39 +0200
Processing by PostsController#index as HTML
  Rendering posts/index.html.erb within layouts/application
  [1m[36mPost Load (0.8ms)[0m  [1m[34mSELECT `posts`.* FROM `posts`[0m
  [1m[36mUser Load (1.0ms)[0m  [1m[34mSELECT  `users`.* FROM `users` WHERE `users`.`id` = 1 LIMIT 1[0m
  Rendered posts/index.html.erb within layouts/application (11.5ms)
Completed 200 OK in 90ms (Views: 84.9ms | ActiveRecord: 1.8ms)


Started GET "/" for 127.0.0.1 at 2018-03-26 15:39:58 +0200
Processing by PostsController#index as HTML
  Rendering posts/index.html.erb within layouts/application
  [1m[36mPost Load (0.6ms)[0m  [1m[34mSELECT `posts`.* FROM `posts`[0m
  [1m[36mUser Load (1.0ms)[0m  [1m[34mSELECT  `users`.* FROM `users` WHERE `users`.`id` = 1 LIMIT 1[0m
  Rendered posts/index.html.erb within layouts/application (9.8ms)
Completed 200 OK in 78ms (Views: 73.5ms | ActiveRecord: 1.6ms)


Started GET "/" for 127.0.0.1 at 2018-03-26 15:42:03 +0200
Processing by PostsController#index as HTML
  Rendering posts/index.html.erb within layouts/application
  [1m[36mPost Load (0.7ms)[0m  [1m[34mSELECT `posts`.* FROM `posts`[0m
  [1m[36mUser Load (0.8ms)[0m  [1m[34mSELECT  `users`.* FROM `users` WHERE `users`.`id` = 1 LIMIT 1[0m
  Rendered posts/index.html.erb within layouts/application (11.7ms)
Completed 200 OK in 103ms (Views: 98.8ms | ActiveRecord: 1.6ms)


Started GET "/" for 127.0.0.1 at 2018-03-26 15:42:32 +0200
Processing by PostsController#index as HTML
  Rendering posts/index.html.erb within layouts/application
  [1m[36mPost Load (0.8ms)[0m  [1m[34mSELECT `posts`.* FROM `posts`[0m
  [1m[36mUser Load (0.8ms)[0m  [1m[34mSELECT  `users`.* FROM `users` WHERE `users`.`id` = 1 LIMIT 1[0m
  Rendered posts/index.html.erb within layouts/application (11.5ms)
Completed 200 OK in 73ms (Views: 67.7ms | ActiveRecord: 1.6ms)


Started GET "/" for 127.0.0.1 at 2018-03-26 15:42:43 +0200
Processing by PostsController#index as HTML
  Rendering posts/index.html.erb within layouts/application
  [1m[36mPost Load (0.7ms)[0m  [1m[34mSELECT `posts`.* FROM `posts`[0m
  [1m[36mUser Load (1.1ms)[0m  [1m[34mSELECT  `users`.* FROM `users` WHERE `users`.`id` = 1 LIMIT 1[0m
  Rendered posts/index.html.erb within layouts/application (17.9ms)
Completed 200 OK in 85ms (Views: 80.7ms | ActiveRecord: 1.8ms)


Started GET "/" for 127.0.0.1 at 2018-03-26 15:42:57 +0200
Processing by PostsController#index as HTML
  Rendering posts/index.html.erb within layouts/application
  [1m[36mPost Load (0.7ms)[0m  [1m[34mSELECT `posts`.* FROM `posts`[0m
  [1m[36mUser Load (1.4ms)[0m  [1m[34mSELECT  `users`.* FROM `users` WHERE `users`.`id` = 1 LIMIT 1[0m
  Rendered posts/index.html.erb within layouts/application (10.1ms)
Completed 200 OK in 65ms (Views: 59.6ms | ActiveRecord: 2.1ms)


Started GET "/" for 127.0.0.1 at 2018-03-26 15:43:05 +0200
Processing by PostsController#index as HTML
  Rendering posts/index.html.erb within layouts/application
  [1m[36mPost Load (0.7ms)[0m  [1m[34mSELECT `posts`.* FROM `posts`[0m
  [1m[36mUser Load (0.8ms)[0m  [1m[34mSELECT  `users`.* FROM `users` WHERE `users`.`id` = 1 LIMIT 1[0m
  Rendered posts/index.html.erb within layouts/application (10.7ms)
Completed 200 OK in 89ms (Views: 77.4ms | ActiveRecord: 1.6ms)


Started GET "/" for 127.0.0.1 at 2018-03-26 15:43:25 +0200
Processing by PostsController#index as HTML
  Rendering posts/index.html.erb within layouts/application
  [1m[36mPost Load (0.7ms)[0m  [1m[34mSELECT `posts`.* FROM `posts`[0m
  [1m[36mUser Load (0.7ms)[0m  [1m[34mSELECT  `users`.* FROM `users` WHERE `users`.`id` = 1 LIMIT 1[0m
  Rendered posts/index.html.erb within layouts/application (8.9ms)
Completed 200 OK in 67ms (Views: 63.8ms | ActiveRecord: 1.3ms)


Started GET "/" for 127.0.0.1 at 2018-03-26 15:43:52 +0200
Processing by PostsController#index as HTML
  Rendering posts/index.html.erb within layouts/application
  [1m[36mPost Load (0.8ms)[0m  [1m[34mSELECT `posts`.* FROM `posts`[0m
  [1m[36mUser Load (0.8ms)[0m  [1m[34mSELECT  `users`.* FROM `users` WHERE `users`.`id` = 1 LIMIT 1[0m
  Rendered posts/index.html.erb within layouts/application (10.4ms)
Completed 200 OK in 70ms (Views: 65.7ms | ActiveRecord: 1.6ms)


Started GET "/" for 127.0.0.1 at 2018-03-26 15:44:08 +0200
Processing by PostsController#index as HTML
  Rendering posts/index.html.erb within layouts/application
  [1m[36mPost Load (0.8ms)[0m  [1m[34mSELECT `posts`.* FROM `posts`[0m
  [1m[36mUser Load (0.8ms)[0m  [1m[34mSELECT  `users`.* FROM `users` WHERE `users`.`id` = 1 LIMIT 1[0m
  Rendered posts/index.html.erb within layouts/application (11.8ms)
Completed 200 OK in 89ms (Views: 84.3ms | ActiveRecord: 1.5ms)


Started GET "/" for 127.0.0.1 at 2018-03-26 15:44:22 +0200
Processing by PostsController#index as HTML
  Rendering posts/index.html.erb within layouts/application
  [1m[36mPost Load (0.7ms)[0m  [1m[34mSELECT `posts`.* FROM `posts`[0m
  [1m[36mUser Load (0.9ms)[0m  [1m[34mSELECT  `users`.* FROM `users` WHERE `users`.`id` = 1 LIMIT 1[0m
  Rendered posts/index.html.erb within layouts/application (14.8ms)
Completed 200 OK in 88ms (Views: 83.9ms | ActiveRecord: 1.6ms)


Started GET "/users/sign_up" for 127.0.0.1 at 2018-03-26 15:44:25 +0200
Processing by Devise::RegistrationsController#new as HTML
  Rendering devise/registrations/new.html.erb within layouts/application
  Rendered devise/shared/_links.html.erb (3.0ms)
  Rendered devise/registrations/new.html.erb within layouts/application (189.2ms)
Completed 200 OK in 301ms (Views: 271.8ms | ActiveRecord: 0.0ms)


Started GET "/users/sign_up" for 127.0.0.1 at 2018-03-26 15:44:29 +0200
Processing by Devise::RegistrationsController#new as HTML
  Rendering devise/registrations/new.html.erb within layouts/application
  Rendered devise/shared/_links.html.erb (6.5ms)
  Rendered devise/registrations/new.html.erb within layouts/application (18.5ms)
Completed 200 OK in 89ms (Views: 86.1ms | ActiveRecord: 0.0ms)


Started GET "/users/sign_up" for 127.0.0.1 at 2018-03-26 15:44:33 +0200
Processing by Devise::RegistrationsController#new as HTML
  Rendering devise/registrations/new.html.erb within layouts/application
  Rendered devise/shared/_links.html.erb (3.4ms)
Started GET "/users/sign_up" for 127.0.0.1 at 2018-03-26 15:44:33 +0200
  Rendered devise/registrations/new.html.erb within layouts/application (15.0ms)
Processing by Devise::RegistrationsController#new as HTML
  Rendering devise/registrations/new.html.erb within layouts/application
  Rendered devise/shared/_links.html.erb (3.8ms)
  Rendered devise/registrations/new.html.erb within layouts/application (28.8ms)
Completed 200 OK in 175ms (Views: 172.8ms | ActiveRecord: 0.0ms)


Completed 200 OK in 198ms (Views: 195.3ms | ActiveRecord: 0.0ms)


Started GET "/" for 127.0.0.1 at 2018-03-26 15:44:50 +0200
Processing by PostsController#index as HTML
  Rendering posts/index.html.erb within layouts/application
  [1m[36mPost Load (0.6ms)[0m  [1m[34mSELECT `posts`.* FROM `posts`[0m
  [1m[36mUser Load (0.7ms)[0m  [1m[34mSELECT  `users`.* FROM `users` WHERE `users`.`id` = 1 LIMIT 1[0m
  Rendered posts/index.html.erb within layouts/application (19.9ms)
Completed 200 OK in 91ms (Views: 87.0ms | ActiveRecord: 1.3ms)


Started GET "/posts/1" for 127.0.0.1 at 2018-03-26 15:44:55 +0200
Processing by PostsController#show as HTML
  Parameters: {"id"=>"1"}
  [1m[36mPost Load (3.0ms)[0m  [1m[34mSELECT  `posts`.* FROM `posts` WHERE `posts`.`id` = 1 LIMIT 1[0m
  Rendering posts/show.html.erb within layouts/application
  [1m[36mUser Load (4.5ms)[0m  [1m[34mSELECT  `users`.* FROM `users` WHERE `users`.`id` = 1 LIMIT 1[0m
  [1m[36mComment Load (43.2ms)[0m  [1m[34mSELECT `comments`.* FROM `comments` WHERE `comments`.`post_id` = 1[0m
  Rendered collection of comments/_comment.html.erb [1 times] (2.9ms)
  Rendered comments/_form.html.erb (26.6ms)
  Rendered posts/show.html.erb within layouts/application (469.4ms)
Completed 200 OK in 548ms (Views: 364.6ms | ActiveRecord: 159.8ms)


Started GET "/posts" for 127.0.0.1 at 2018-03-26 15:45:00 +0200
Processing by PostsController#index as HTML
  Rendering posts/index.html.erb within layouts/application
  [1m[36mPost Load (0.8ms)[0m  [1m[34mSELECT `posts`.* FROM `posts`[0m
  [1m[36mUser Load (0.9ms)[0m  [1m[34mSELECT  `users`.* FROM `users` WHERE `users`.`id` = 1 LIMIT 1[0m
  Rendered posts/index.html.erb within layouts/application (28.5ms)
Completed 200 OK in 111ms (Views: 105.7ms | ActiveRecord: 1.7ms)


